Build started 2/21/2013 8:47:14 PM.
     1>Project "C:\Users\Vurt\Desktop\Cube Mapping\CubeMapping.vcxproj" on node 2 (build target(s)).
     1>InitializeBuildStatus:
         Creating "Debug\CubeMapping.unsuccessfulbuild" because "AlwaysCreate" was specified.
       ClCompile:
         C:\Program Files\Microsoft Visual Studio 10.0\VC\bin\CL.exe /c /ZI /nologo /W3 /WX- /Od /Oy- /D WIN32 /D _DEBUG /D _WINDOWS /D _UNICODE /D UNICODE /Gm /EHsc /RTC1 /MDd /GS /fp:precise /Zc:wchar_t /Zc:forScope /Fo"Debug\\" /Fd"Debug\vc100.pdb" /Gd /TP /analyze- /errorReport:prompt Common\AppUtil.cpp Common\Camera.cpp Common\GeometryGens.cpp Common\RenderStates.cpp Common\Timer.cpp Common\WinApp.cpp Common\xnacollision.cpp Effects.cpp Inputs.cpp Main.cpp
         Main.cpp
     1>c:\users\vurt\desktop\cube mapping\common\apputil.h(5): fatal error C1083: Cannot open include file: 'xnamath.h': No such file or directory
         Inputs.cpp
     1>c:\users\vurt\desktop\cube mapping\inputs.h(5): fatal error C1083: Cannot open include file: 'xnamath.h': No such file or directory
         Effects.cpp
     1>c:\users\vurt\desktop\cube mapping\effects.h(5): fatal error C1083: Cannot open include file: 'xnamath.h': No such file or directory
         xnacollision.cpp
     1>c:\users\vurt\desktop\cube mapping\common\xnacollision.h(15): fatal error C1083: Cannot open include file: 'xnamath.h': No such file or directory
         WinApp.cpp
     1>c:\users\vurt\desktop\cube mapping\common\apputil.h(5): fatal error C1083: Cannot open include file: 'xnamath.h': No such file or directory
         Timer.cpp
         RenderStates.cpp
     1>c:\users\vurt\desktop\cube mapping\common\apputil.h(5): fatal error C1083: Cannot open include file: 'xnamath.h': No such file or directory
         GeometryGens.cpp
     1>c:\users\vurt\desktop\cube mapping\common\geometrygens.h(5): fatal error C1083: Cannot open include file: 'xnamath.h': No such file or directory
         Camera.cpp
     1>c:\users\vurt\desktop\cube mapping\common\camera.h(5): fatal error C1083: Cannot open include file: 'xnamath.h': No such file or directory
         AppUtil.cpp
     1>c:\users\vurt\desktop\cube mapping\common\apputil.h(5): fatal error C1083: Cannot open include file: 'xnamath.h': No such file or directory
         Generating Code...
     1>Done Building Project "C:\Users\Vurt\Desktop\Cube Mapping\CubeMapping.vcxproj" (build target(s)) -- FAILED.

Build FAILED.

Time Elapsed 00:00:13.52
